[2026-03-11 05:04:08] ============================================================
[2026-03-11 05:04:08] Learning & Metacognition SIML Processor
[2026-03-11 05:04:08] ============================================================
[2026-03-11 05:04:08] Processing: 1771907212331_227833_Understanding+System+1+and+System+2+Thinking.md
[2026-03-11 05:04:08] Allocating hex tag: L100
[2026-03-11 05:04:08] Created SIML entry: /tmp/nema-swarm/SIML/terms/L100_Understanding_System_1_System_2
[2026-03-11 05:04:08] Deleted source file: 1771907212331_227833_Understanding+System+1+and+System+2+Thinking.md
[2026-03-11 05:04:08] Complete: L100 Understanding_System_1_System_2
[2026-03-11 05:04:08] Processing complete
[2026-03-11 05:09:52] ============================================================
[2026-03-11 05:09:52] Learning & Metacognition SIML Processor
[2026-03-11 05:09:52] ============================================================
[2026-03-11 05:09:52] Processing: 1771907212335_227959_.md
[2026-03-11 05:09:52] Allocating hex tag: L101
[2026-03-11 05:09:52] Created SIML entry: /tmp/nema-swarm/SIML/terms/L101_learning_concept_2
[2026-03-11 05:09:52] Deleted source file: 1771907212335_227959_.md
[2026-03-11 05:09:52] Complete: L101 learning_concept_2
[2026-03-11 05:09:52] Processing complete
[2026-03-11 05:49:50] ============================================================
[2026-03-11 05:49:50] Learning & Metacognition SIML Processor
[2026-03-11 05:49:50] ============================================================
[2026-03-11 05:49:50] Processing: 1771907212340_228337_Embedding+Intentions+into+the+Subconscious%3A+Brain+Networks+and+Manifestation.md
[2026-03-11 05:49:50] Allocating hex tag: L102
[2026-03-11 05:49:50] Created SIML entry: /tmp/nema-swarm/SIML/terms/L102_Embedding_Intentions_into_Subconscious_Brain
[2026-03-11 05:49:50] Deleted source file: 1771907212340_228337_Embedding+Intentions+into+the+Subconscious%3A+Brain+Networks+and+Manifestation.md
[2026-03-11 05:49:50] Complete: L102 Embedding_Intentions_into_Subconscious_Brain
[2026-03-11 05:49:50] Processing complete
[2026-03-11 05:55:46] ============================================================
[2026-03-11 05:55:46] Learning & Metacognition SIML Processor
[2026-03-11 05:55:46] ============================================================
[2026-03-11 05:55:47] Pulled latest from Memetic_Ecology repo
[2026-03-11 05:55:47] Processing: 1 - Spaced Repetition.md
[2026-03-11 05:55:47] Allocating hex tag: L103
[2026-03-11 05:55:47] Created SIML entry: /tmp/nema-swarm/SIML/terms/L103_Spaced_Repetition
[2026-03-11 05:55:47] Complete: L103 Spaced_Repetition
[2026-03-11 05:55:47] Processing complete
[2026-03-11 05:59:49] ============================================================
[2026-03-11 05:59:49] Learning & Metacognition SIML Processor
[2026-03-11 05:59:49] ============================================================
[2026-03-11 05:59:50] Pulled latest from Memetic_Ecology repo
[2026-03-11 05:59:50] Processing: 10 - Memory Reconsolidation and Machine Unlearning.md
[2026-03-11 05:59:50] Allocating hex tag: L104
[2026-03-11 05:59:50] Created SIML entry: /tmp/nema-swarm/SIML/terms/L104_Memory_Reconsolidation_Machine_Unlearning
[2026-03-11 05:59:50] Complete: L104 Memory_Reconsolidation_Machine_Unlearning
[2026-03-11 05:59:50] Processing complete
[2026-03-11 06:09:13] ============================================================
[2026-03-11 06:09:13] Learning & Metacognition SIML Processor
[2026-03-11 06:09:13] ============================================================
[2026-03-11 06:09:14] Pulled latest from Memetic_Ecology repo
[2026-03-11 06:09:14] Processing: 11 - Memory Pruning and Revisiting.md
[2026-03-11 06:09:14] Allocating hex tag: L105
[2026-03-11 06:09:14] Created SIML entry: /tmp/nema-swarm/SIML/terms/L105_Memory_Pruning_Revisiting
[2026-03-11 06:09:14] Complete: L105 Memory_Pruning_Revisiting
[2026-03-11 06:09:14] Processing complete
[2026-03-11 07:36:16] ============================================================
[2026-03-11 07:36:16] Learning & Metacognition SIML Processor
[2026-03-11 07:36:16] ============================================================
[2026-03-11 07:36:17] Pulled latest from Memetic_Ecology repo
[2026-03-11 07:36:17] Processing: 1 - Spaced Repetition.md
[2026-03-11 07:36:17] Allocating hex tag: L088
[2026-03-11 07:36:17] Created SIML entry: /tmp/nema-swarm/SIML/terms/L088_Spaced_Repetition
[2026-03-11 07:36:17] Complete: L088 Spaced_Repetition
[2026-03-11 07:36:17] Processing complete
[2026-03-11 07:39:30] ============================================================
[2026-03-11 07:39:30] Learning & Metacognition SIML Processor
[2026-03-11 07:39:30] ============================================================
[2026-03-11 07:39:31] Pulled latest from Memetic_Ecology repo
[2026-03-11 07:39:31] Processing: 10 - Memory Reconsolidation and Machine Unlearning.md
[2026-03-11 07:39:31] Allocating hex tag: L088
[2026-03-11 07:39:31] Created SIML entry: /tmp/nema-swarm/SIML/terms/L088_Memory_Reconsolidation_Machine_Unlearning
[2026-03-11 07:39:31] Complete: L088 Memory_Reconsolidation_Machine_Unlearning
[2026-03-11 07:39:31] Processing complete
[2026-03-11 07:39:31] ============================================================
[2026-03-11 07:39:31] Learning & Metacognition SIML Processor
[2026-03-11 07:39:31] ============================================================
[2026-03-11 07:39:32] Pulled latest from Memetic_Ecology repo
[2026-03-11 07:39:32] Processing: 11 - Memory Pruning and Revisiting.md
[2026-03-11 07:39:32] Allocating hex tag: L088
[2026-03-11 07:39:32] Created SIML entry: /tmp/nema-swarm/SIML/terms/L088_Memory_Pruning_Revisiting
[2026-03-11 07:39:32] Complete: L088 Memory_Pruning_Revisiting
[2026-03-11 07:39:32] Processing complete
[2026-03-11 07:39:32] ============================================================
[2026-03-11 07:39:32] Learning & Metacognition SIML Processor
[2026-03-11 07:39:32] ============================================================
[2026-03-11 07:39:33] Pulled latest from Memetic_Ecology repo
[2026-03-11 07:39:33] Processing: 12 - Thermodynamic Learning Efficiency.md
[2026-03-11 07:39:33] Allocating hex tag: L088
[2026-03-11 07:39:33] Created SIML entry: /tmp/nema-swarm/SIML/terms/L088_Thermodynamic_Learning_Efficiency
[2026-03-11 07:39:33] Complete: L088 Thermodynamic_Learning_Efficiency
[2026-03-11 07:39:33] Processing complete
[2026-03-11 07:39:33] ============================================================
[2026-03-11 07:39:33] Learning & Metacognition SIML Processor
[2026-03-11 07:39:33] ============================================================
[2026-03-11 07:39:34] Pulled latest from Memetic_Ecology repo
[2026-03-11 07:39:34] Processing: 13 - Kolb's Learning Styles and Bloom's Taxonomy.md
[2026-03-11 07:39:34] Allocating hex tag: L088
[2026-03-11 07:39:34] Created SIML entry: /tmp/nema-swarm/SIML/terms/L088_Kolbs_Learning_Styles_Blooms
[2026-03-11 07:39:34] Complete: L088 Kolbs_Learning_Styles_Blooms
[2026-03-11 07:39:34] Processing complete
[2026-03-11 07:39:34] ============================================================
[2026-03-11 07:39:34] Learning & Metacognition SIML Processor
[2026-03-11 07:39:34] ============================================================
[2026-03-11 07:39:35] Pulled latest from Memetic_Ecology repo
[2026-03-11 07:39:35] Processing: 14 - Educational Game Design Principles.md
[2026-03-11 07:39:35] Allocating hex tag: L088
[2026-03-11 07:39:35] Created SIML entry: /tmp/nema-swarm/SIML/terms/L088_Educational_Game_Design_Principles
[2026-03-11 07:39:35] Complete: L088 Educational_Game_Design_Principles
[2026-03-11 07:39:35] Processing complete
[2026-03-11 07:39:35] ============================================================
[2026-03-11 07:39:35] Learning & Metacognition SIML Processor
[2026-03-11 07:39:35] ============================================================
[2026-03-11 07:39:36] Pulled latest from Memetic_Ecology repo
[2026-03-11 07:39:36] Processing: 15 - Neuroplasticity and Brain-Computer Interfaces.md
[2026-03-11 07:39:36] Allocating hex tag: L088
[2026-03-11 07:39:36] Created SIML entry: /tmp/nema-swarm/SIML/terms/L088_Neuroplasticity_BrainComputer_Interfaces
[2026-03-11 07:39:36] Complete: L088 Neuroplasticity_BrainComputer_Interfaces
[2026-03-11 07:39:36] Processing complete
[2026-03-11 07:39:36] ============================================================
[2026-03-11 07:39:36] Learning & Metacognition SIML Processor
[2026-03-11 07:39:36] ============================================================
[2026-03-11 07:39:37] Pulled latest from Memetic_Ecology repo
[2026-03-11 07:39:37] Processing: 16 - Direct Brain Skill-Writing via fMRI.md
[2026-03-11 07:39:37] Allocating hex tag: L088
[2026-03-11 07:39:37] Created SIML entry: /tmp/nema-swarm/SIML/terms/L088_Direct_Brain_SkillWriting_via
[2026-03-11 07:39:37] Complete: L088 Direct_Brain_SkillWriting_via
[2026-03-11 07:39:37] Processing complete
[2026-03-11 07:39:37] ============================================================
[2026-03-11 07:39:37] Learning & Metacognition SIML Processor
[2026-03-11 07:39:37] ============================================================
[2026-03-11 07:39:38] Pulled latest from Memetic_Ecology repo
[2026-03-11 07:39:38] Processing: 17 - AI-Personalized Math Tutoring.md
[2026-03-11 07:39:38] Allocating hex tag: L088
[2026-03-11 07:39:38] Created SIML entry: /tmp/nema-swarm/SIML/terms/L088_AIPersonalized_Math_Tutoring
[2026-03-11 07:39:38] Complete: L088 AIPersonalized_Math_Tutoring
[2026-03-11 07:39:38] Processing complete
[2026-03-11 07:41:41] ============================================================
[2026-03-11 07:41:41] Learning & Metacognition SIML Processor
[2026-03-11 07:41:41] ============================================================
[2026-03-11 07:41:41] Pulled latest from Memetic_Ecology repo
[2026-03-11 07:41:41] Processing: 10 - Memory Reconsolidation and Machine Unlearning.md
[2026-03-11 07:41:41] Allocating hex tag: L089
[2026-03-11 07:41:41] Created SIML entry: /tmp/nema-swarm/SIML/terms/L089_Memory_Reconsolidation_Machine_Unlearning
[2026-03-11 07:41:41] Complete: L089 Memory_Reconsolidation_Machine_Unlearning
[2026-03-11 07:41:41] Processing complete
[2026-03-11 07:41:50] ============================================================
[2026-03-11 07:41:50] Learning & Metacognition SIML Processor
[2026-03-11 07:41:50] ============================================================
[2026-03-11 07:41:51] Pulled latest from Memetic_Ecology repo
[2026-03-11 07:41:51] Processing: 11 - Memory Pruning and Revisiting.md
[2026-03-11 07:41:51] Allocating hex tag: L090
[2026-03-11 07:41:51] Created SIML entry: /tmp/nema-swarm/SIML/terms/L090_Memory_Pruning_Revisiting
[2026-03-11 07:41:51] Complete: L090 Memory_Pruning_Revisiting
[2026-03-11 07:41:51] Processing complete
[2026-03-11 07:41:51] ============================================================
[2026-03-11 07:41:51] Learning & Metacognition SIML Processor
[2026-03-11 07:41:51] ============================================================
[2026-03-11 07:41:52] Pulled latest from Memetic_Ecology repo
[2026-03-11 07:41:52] Processing: 12 - Thermodynamic Learning Efficiency.md
[2026-03-11 07:41:52] Allocating hex tag: L091
[2026-03-11 07:41:52] Created SIML entry: /tmp/nema-swarm/SIML/terms/L091_Thermodynamic_Learning_Efficiency
[2026-03-11 07:41:52] Complete: L091 Thermodynamic_Learning_Efficiency
[2026-03-11 07:41:52] Processing complete
[2026-03-11 07:41:52] ============================================================
[2026-03-11 07:41:52] Learning & Metacognition SIML Processor
[2026-03-11 07:41:52] ============================================================
[2026-03-11 07:41:53] Pulled latest from Memetic_Ecology repo
[2026-03-11 07:41:53] Processing: 13 - Kolb's Learning Styles and Bloom's Taxonomy.md
[2026-03-11 07:41:53] Allocating hex tag: L092
[2026-03-11 07:41:53] Created SIML entry: /tmp/nema-swarm/SIML/terms/L092_Kolbs_Learning_Styles_Blooms
[2026-03-11 07:41:53] Complete: L092 Kolbs_Learning_Styles_Blooms
[2026-03-11 07:41:53] Processing complete
[2026-03-11 07:41:53] ============================================================
[2026-03-11 07:41:53] Learning & Metacognition SIML Processor
[2026-03-11 07:41:53] ============================================================
[2026-03-11 07:41:54] Pulled latest from Memetic_Ecology repo
[2026-03-11 07:41:54] Processing: 14 - Educational Game Design Principles.md
[2026-03-11 07:41:54] Allocating hex tag: L093
[2026-03-11 07:41:54] Created SIML entry: /tmp/nema-swarm/SIML/terms/L093_Educational_Game_Design_Principles
[2026-03-11 07:41:54] Complete: L093 Educational_Game_Design_Principles
[2026-03-11 07:41:54] Processing complete
[2026-03-11 07:41:54] ============================================================
[2026-03-11 07:41:54] Learning & Metacognition SIML Processor
[2026-03-11 07:41:54] ============================================================
[2026-03-11 07:41:55] Pulled latest from Memetic_Ecology repo
[2026-03-11 07:41:55] Processing: 15 - Neuroplasticity and Brain-Computer Interfaces.md
[2026-03-11 07:41:55] Allocating hex tag: L094
[2026-03-11 07:41:55] Created SIML entry: /tmp/nema-swarm/SIML/terms/L094_Neuroplasticity_BrainComputer_Interfaces
[2026-03-11 07:41:55] Complete: L094 Neuroplasticity_BrainComputer_Interfaces
[2026-03-11 07:41:55] Processing complete
[2026-03-11 07:41:55] ============================================================
[2026-03-11 07:41:55] Learning & Metacognition SIML Processor
[2026-03-11 07:41:55] ============================================================
[2026-03-11 07:41:55] Pulled latest from Memetic_Ecology repo
[2026-03-11 07:41:55] Processing: 16 - Direct Brain Skill-Writing via fMRI.md
[2026-03-11 07:41:55] Allocating hex tag: L095
[2026-03-11 07:41:55] Created SIML entry: /tmp/nema-swarm/SIML/terms/L095_Direct_Brain_SkillWriting_via
[2026-03-11 07:41:56] Complete: L095 Direct_Brain_SkillWriting_via
[2026-03-11 07:41:56] Processing complete
[2026-03-11 07:41:56] ============================================================
[2026-03-11 07:41:56] Learning & Metacognition SIML Processor
[2026-03-11 07:41:56] ============================================================
[2026-03-11 07:41:56] Pulled latest from Memetic_Ecology repo
[2026-03-11 07:41:56] Processing: 17 - AI-Personalized Math Tutoring.md
[2026-03-11 07:41:56] Allocating hex tag: L096
[2026-03-11 07:41:56] Created SIML entry: /tmp/nema-swarm/SIML/terms/L096_AIPersonalized_Math_Tutoring
[2026-03-11 07:41:56] Complete: L096 AIPersonalized_Math_Tutoring
[2026-03-11 07:41:56] Processing complete
[2026-03-11 07:50:45] ============================================================
[2026-03-11 07:50:45] Learning & Metacognition SIML Processor
[2026-03-11 07:50:45] ============================================================
[2026-03-11 07:50:46] Pulled latest from Memetic_Ecology repo
[2026-03-11 07:50:46] Processing: 18 - Curiosity-Driven Cognitive Growth.md
[2026-03-11 07:50:46] Allocating hex tag: L097
[2026-03-11 07:50:46] Created SIML entry: /tmp/nema-swarm/SIML/terms/L097_CuriosityDriven_Cognitive_Growth
[2026-03-11 07:50:46] Complete: L097 CuriosityDriven_Cognitive_Growth
[2026-03-11 07:50:46] Processing complete
[2026-03-11 07:50:46] ============================================================
[2026-03-11 07:50:46] Learning & Metacognition SIML Processor
[2026-03-11 07:50:46] ============================================================
[2026-03-11 07:50:47] Pulled latest from Memetic_Ecology repo
[2026-03-11 07:50:47] Processing: 19 - Handwriting vs Typing for Early Reading.md
[2026-03-11 07:50:47] Allocating hex tag: L098
[2026-03-11 07:50:47] Created SIML entry: /tmp/nema-swarm/SIML/terms/L098_Handwriting_vs_Typing_Early
[2026-03-11 07:50:47] Complete: L098 Handwriting_vs_Typing_Early
[2026-03-11 07:50:47] Processing complete
[2026-03-11 07:50:47] ============================================================
[2026-03-11 07:50:47] Learning & Metacognition SIML Processor
[2026-03-11 07:50:47] ============================================================
[2026-03-11 07:50:48] Pulled latest from Memetic_Ecology repo
[2026-03-11 07:50:48] Processing: 20 - Five Activities for Cognitive Enhancement.md
[2026-03-11 07:50:48] Allocating hex tag: L099
[2026-03-11 07:50:48] Created SIML entry: /tmp/nema-swarm/SIML/terms/L099_Five_Activities_Cognitive_Enhancement
[2026-03-11 07:50:48] Complete: L099 Five_Activities_Cognitive_Enhancement
[2026-03-11 07:50:48] Processing complete
[2026-03-11 07:50:48] ============================================================
[2026-03-11 07:50:48] Learning & Metacognition SIML Processor
[2026-03-11 07:50:48] ============================================================
[2026-03-11 07:50:49] Pulled latest from Memetic_Ecology repo
[2026-03-11 07:50:49] Processing: 21 - Lifestyle Factors and Metacognition.md
[2026-03-11 07:50:49] Allocating hex tag: L100
[2026-03-11 07:50:49] Created SIML entry: /tmp/nema-swarm/SIML/terms/L100_Lifestyle_Factors_Metacognition
[2026-03-11 07:50:49] Complete: L100 Lifestyle_Factors_Metacognition
[2026-03-11 07:50:49] Processing complete
[2026-03-11 07:50:49] ============================================================
[2026-03-11 07:50:49] Learning & Metacognition SIML Processor
[2026-03-11 07:50:49] ============================================================
[2026-03-11 07:50:50] Pulled latest from Memetic_Ecology repo
[2026-03-11 07:50:50] Processing: 22 - Brain Productivity Optimization.md
[2026-03-11 07:50:50] Allocating hex tag: L101
[2026-03-11 07:50:50] Created SIML entry: /tmp/nema-swarm/SIML/terms/L101_Brain_Productivity_Optimization
[2026-03-11 07:50:50] Complete: L101 Brain_Productivity_Optimization
[2026-03-11 07:50:50] Processing complete
[2026-03-11 07:50:50] ============================================================
[2026-03-11 07:50:50] Learning & Metacognition SIML Processor
[2026-03-11 07:50:50] ============================================================
[2026-03-11 07:50:51] Pulled latest from Memetic_Ecology repo
[2026-03-11 07:50:51] Processing: 23 - Intellectual Overexcitability.md
[2026-03-11 07:50:51] Allocating hex tag: L102
[2026-03-11 07:50:51] Created SIML entry: /tmp/nema-swarm/SIML/terms/L102_Intellectual_Overexcitability
[2026-03-11 07:50:51] Complete: L102 Intellectual_Overexcitability
[2026-03-11 07:50:51] Processing complete
[2026-03-11 07:50:51] ============================================================
[2026-03-11 07:50:51] Learning & Metacognition SIML Processor
[2026-03-11 07:50:51] ============================================================
[2026-03-11 07:50:51] Pulled latest from Memetic_Ecology repo
[2026-03-11 07:50:51] Processing: 24 - Creativity in Gifted Children.md
[2026-03-11 07:50:51] Allocating hex tag: L103
[2026-03-11 07:50:51] Created SIML entry: /tmp/nema-swarm/SIML/terms/L103_Creativity_Gifted_Children
[2026-03-11 07:50:51] Complete: L103 Creativity_Gifted_Children
[2026-03-11 07:50:51] Processing complete
[2026-03-11 07:50:52] ============================================================
[2026-03-11 07:50:52] Learning & Metacognition SIML Processor
[2026-03-11 07:50:52] ============================================================
[2026-03-11 07:50:52] Pulled latest from Memetic_Ecology repo
[2026-03-11 07:50:52] Processing: 25 - Polymathy.md
[2026-03-11 07:50:52] Allocating hex tag: L104
[2026-03-11 07:50:52] Created SIML entry: /tmp/nema-swarm/SIML/terms/L104_Polymathy
[2026-03-11 07:50:52] Complete: L104 Polymathy
[2026-03-11 07:50:52] Processing complete
[2026-03-11 07:50:52] ============================================================
[2026-03-11 07:50:52] Learning & Metacognition SIML Processor
[2026-03-11 07:50:52] ============================================================
[2026-03-11 07:50:53] Pulled latest from Memetic_Ecology repo
[2026-03-11 07:50:53] Processing: 26 - Video Games and Child IQ.md
[2026-03-11 07:50:53] Allocating hex tag: L105
[2026-03-11 07:50:53] Created SIML entry: /tmp/nema-swarm/SIML/terms/L105_Video_Games_Child_IQ
[2026-03-11 07:50:53] Complete: L105 Video_Games_Child_IQ
[2026-03-11 07:50:53] Processing complete
[2026-03-11 07:50:53] ============================================================
[2026-03-11 07:50:53] Learning & Metacognition SIML Processor
[2026-03-11 07:50:53] ============================================================
[2026-03-11 07:50:54] Pulled latest from Memetic_Ecology repo
[2026-03-11 07:50:54] Processing: 27 - AI Agent Memory Types.md
[2026-03-11 07:50:54] Allocating hex tag: L106
[2026-03-11 07:50:54] Created SIML entry: /tmp/nema-swarm/SIML/terms/L106_AI_Agent_Memory_Types
[2026-03-11 07:50:54] Complete: L106 AI_Agent_Memory_Types
[2026-03-11 07:50:54] Processing complete
[2026-03-11 07:50:54] ============================================================
[2026-03-11 07:50:54] Learning & Metacognition SIML Processor
[2026-03-11 07:50:54] ============================================================
[2026-03-11 07:50:55] Pulled latest from Memetic_Ecology repo
[2026-03-11 07:50:55] Processing: 28 - AI Memory and Switching Costs.md
[2026-03-11 07:50:55] Allocating hex tag: L107
[2026-03-11 07:50:55] Created SIML entry: /tmp/nema-swarm/SIML/terms/L107_AI_Memory_Switching_Costs
[2026-03-11 07:50:55] Complete: L107 AI_Memory_Switching_Costs
[2026-03-11 07:50:55] Processing complete
[2026-03-11 07:51:11] ============================================================
[2026-03-11 07:51:11] Learning & Metacognition SIML Processor
[2026-03-11 07:51:11] ============================================================
[2026-03-11 07:51:12] Pulled latest from Memetic_Ecology repo
[2026-03-11 07:51:12] Processing: 29 - Writing as Scientific Process.md
[2026-03-11 07:51:12] Allocating hex tag: L108
[2026-03-11 07:51:12] Created SIML entry: /tmp/nema-swarm/SIML/terms/L108_Writing_as_Scientific_Process
[2026-03-11 07:51:12] Complete: L108 Writing_as_Scientific_Process
[2026-03-11 07:51:12] Processing complete
[2026-03-11 12:54:55] ============================================================
[2026-03-11 12:54:55] Learning & Metacognition SIML Processor
[2026-03-11 12:54:55] ============================================================
[2026-03-11 12:54:56] Pulled latest from Memetic_Ecology repo
[2026-03-11 12:54:56] Processing: 30 - Hypercognition - The Neurosparkler Concept.md
[2026-03-11 12:54:56] Allocating hex tag: L109
[2026-03-11 12:54:56] Created SIML entry: /tmp/nema-swarm/SIML/terms/L109_Hypercognition__Neurosparkler_Concept
[2026-03-11 12:54:56] Complete: L109 Hypercognition__Neurosparkler_Concept
[2026-03-11 12:54:56] Processing complete
[2026-03-11 12:54:56] ============================================================
[2026-03-11 12:54:56] Learning & Metacognition SIML Processor
[2026-03-11 12:54:56] ============================================================
[2026-03-11 12:54:57] Pulled latest from Memetic_Ecology repo
[2026-03-11 12:54:57] Processing: 31 - Hypercognition - Daily Vision Questionnaire.md
[2026-03-11 12:54:57] Allocating hex tag: L110
[2026-03-11 12:54:57] Created SIML entry: /tmp/nema-swarm/SIML/terms/L110_Hypercognition__Daily_Vision
[2026-03-11 12:54:57] Complete: L110 Hypercognition__Daily_Vision
[2026-03-11 12:54:57] Processing complete
[2026-03-11 12:54:57] ============================================================
[2026-03-11 12:54:57] Learning & Metacognition SIML Processor
[2026-03-11 12:54:57] ============================================================
[2026-03-11 12:54:58] Pulled latest from Memetic_Ecology repo
[2026-03-11 12:54:58] Processing: 32 - The Third Self.md
[2026-03-11 12:54:58] Allocating hex tag: L111
[2026-03-11 12:54:58] Created SIML entry: /tmp/nema-swarm/SIML/terms/L111_Third_Self
[2026-03-11 12:54:58] Complete: L111 Third_Self
[2026-03-11 12:54:58] Processing complete
[2026-03-11 12:54:58] ============================================================
[2026-03-11 12:54:58] Learning & Metacognition SIML Processor
[2026-03-11 12:54:58] ============================================================
[2026-03-11 12:54:59] Pulled latest from Memetic_Ecology repo
[2026-03-11 12:54:59] Processing: 33 - Reclaimed Hubris.md
[2026-03-11 12:54:59] Allocating hex tag: L112
[2026-03-11 12:54:59] Created SIML entry: /tmp/nema-swarm/SIML/terms/L112_Reclaimed_Hubris
[2026-03-11 12:54:59] Complete: L112 Reclaimed_Hubris
[2026-03-11 12:54:59] Processing complete
