{
  "ok": true,
  "processed": 6,
  "results": [
    {
      "ok": true,
      "channel": "aerunik",
      "status": "no_scene_yet"
    },
    {
      "ok": true,
      "channel": "sentaria",
      "user_id": "677194549151531074",
      "username": "ddrrnt",
      "scene_message_id": "1498753508902572225",
      "first_reply_message_id": "1498754447784804544",
      "ledger": {
        "ok": true,
        "user_id": "677194549151531074",
        "username": "ddrrnt",
        "delta": 1,
        "rule": "daily_elemental_prompt_response_first",
        "total": 1,
        "weekly_this_week": 1,
        "weekly_remaining": 19
      }
    },
    {
      "ok": true,
      "channel": "jvalion",
      "status": "no_scene_yet"
    },
    {
      "ok": true,
      "channel": "arboriel",
      "status": "no_scene_yet"
    },
    {
      "ok": true,
      "channel": "humavita",
      "status": "no_scene_yet"
    },
    {
      "ok": true,
      "channel": "ferrosid",
      "status": "no_scene_yet"
    }
  ]
}
{
  "ok": true,
  "processed": 6,
  "results": [
    {
      "ok": true,
      "channel": "aerunik",
      "status": "no_scene_yet"
    },
    {
      "ok": true,
      "channel": "sentaria",
      "status": "no_scene_yet"
    },
    {
      "ok": true,
      "channel": "jvalion",
      "status": "no_scene_yet"
    },
    {
      "ok": true,
      "channel": "arboriel",
      "status": "no_scene_yet"
    },
    {
      "ok": true,
      "channel": "humavita",
      "status": "no_scene_yet"
    },
    {
      "ok": true,
      "channel": "ferrosid",
      "status": "no_scene_yet"
    }
  ]
}
{
  "ok": true,
  "processed": 6,
  "results": [
    {
      "ok": true,
      "channel": "aerunik",
      "status": "no_scene_yet"
    },
    {
      "ok": true,
      "channel": "sentaria",
      "status": "no_scene_yet"
    },
    {
      "ok": true,
      "channel": "jvalion",
      "status": "no_scene_yet"
    },
    {
      "ok": true,
      "channel": "arboriel",
      "status": "no_scene_yet"
    },
    {
      "ok": true,
      "channel": "humavita",
      "status": "no_scene_yet"
    },
    {
      "ok": true,
      "channel": "ferrosid",
      "status": "no_scene_yet"
    }
  ]
}
{
  "ok": true,
  "processed": 6,
  "results": [
    {
      "ok": true,
      "channel": "aerunik",
      "status": "no_scene_yet"
    },
    {
      "ok": true,
      "channel": "sentaria",
      "status": "no_scene_yet"
    },
    {
      "ok": true,
      "channel": "jvalion",
      "status": "no_scene_yet"
    },
    {
      "ok": true,
      "channel": "arboriel",
      "status": "no_scene_yet"
    },
    {
      "ok": true,
      "channel": "humavita",
      "status": "no_scene_yet"
    },
    {
      "ok": true,
      "channel": "ferrosid",
      "status": "no_scene_yet"
    }
  ]
}
{
  "ok": true,
  "processed": 6,
  "results": [
    {
      "ok": true,
      "channel": "aerunik",
      "status": "no_scene_yet"
    },
    {
      "ok": true,
      "channel": "sentaria",
      "status": "no_scene_yet"
    },
    {
      "ok": true,
      "channel": "jvalion",
      "status": "no_scene_yet"
    },
    {
      "ok": true,
      "channel": "arboriel",
      "status": "no_scene_yet"
    },
    {
      "ok": true,
      "channel": "humavita",
      "status": "no_scene_yet"
    },
    {
      "ok": true,
      "channel": "ferrosid",
      "status": "no_scene_yet"
    }
  ]
}
{
  "ok": true,
  "processed": 6,
  "results": [
    {
      "ok": true,
      "channel": "aerunik",
      "status": "no_scene_yet"
    },
    {
      "ok": true,
      "channel": "sentaria",
      "status": "no_scene_yet"
    },
    {
      "ok": true,
      "channel": "jvalion",
      "status": "no_scene_yet"
    },
    {
      "ok": true,
      "channel": "arboriel",
      "status": "no_scene_yet"
    },
    {
      "ok": true,
      "channel": "humavita",
      "status": "no_scene_yet"
    },
    {
      "ok": true,
      "channel": "ferrosid",
      "status": "no_scene_yet"
    }
  ]
}
{
  "ok": true,
  "processed": 6,
  "results": [
    {
      "ok": false,
      "channel": "aerunik",
      "error": "fetch: HTTP Error 401: Unauthorized"
    },
    {
      "ok": false,
      "channel": "sentaria",
      "error": "fetch: HTTP Error 401: Unauthorized"
    },
    {
      "ok": false,
      "channel": "jvalion",
      "error": "fetch: HTTP Error 401: Unauthorized"
    },
    {
      "ok": false,
      "channel": "arboriel",
      "error": "fetch: HTTP Error 401: Unauthorized"
    },
    {
      "ok": false,
      "channel": "humavita",
      "error": "fetch: HTTP Error 401: Unauthorized"
    },
    {
      "ok": false,
      "channel": "ferrosid",
      "error": "fetch: HTTP Error 401: Unauthorized"
    }
  ]
}
