[2026-04-29T06:50:04.751850Z] aerunik: no scene post found in today's window
[2026-04-29T06:50:05.142635Z] sentaria: first reply by @ddrrnt (677194549151531074) at 2026-04-28T18:35:05.863000+00:00
[2026-04-29T06:50:05.719688Z] jvalion: no scene post found in today's window
[2026-04-29T06:50:06.211029Z] arboriel: no scene post found in today's window
[2026-04-29T06:50:06.843772Z] humavita: no scene post found in today's window
[2026-04-29T06:50:07.323969Z] ferrosid: no scene post found in today's window
[2026-04-30T06:50:01.106507Z] aerunik: no scene post found in today's window
[2026-04-30T06:50:02.062851Z] sentaria: no scene post found in today's window
[2026-04-30T06:50:02.609549Z] jvalion: no scene post found in today's window
[2026-04-30T06:50:03.135706Z] arboriel: no scene post found in today's window
[2026-04-30T06:50:03.786797Z] humavita: no scene post found in today's window
[2026-04-30T06:50:04.189564Z] ferrosid: no scene post found in today's window
[2026-05-01T06:50:02.406976Z] aerunik: no scene post found in today's window
[2026-05-01T06:50:02.839473Z] sentaria: no scene post found in today's window
[2026-05-01T06:50:03.474219Z] jvalion: no scene post found in today's window
[2026-05-01T06:50:04.005570Z] arboriel: no scene post found in today's window
[2026-05-01T06:50:04.553264Z] humavita: no scene post found in today's window
[2026-05-01T06:50:05.053960Z] ferrosid: no scene post found in today's window
[2026-05-02T06:50:05.867521Z] aerunik: no scene post found in today's window
[2026-05-02T06:50:06.284115Z] sentaria: no scene post found in today's window
[2026-05-02T06:50:06.955454Z] jvalion: no scene post found in today's window
[2026-05-02T06:50:07.401751Z] arboriel: no scene post found in today's window
[2026-05-02T06:50:07.999623Z] humavita: no scene post found in today's window
[2026-05-02T06:50:08.519514Z] ferrosid: no scene post found in today's window
[2026-05-03T06:50:00.870375Z] aerunik: no scene post found in today's window
[2026-05-03T06:50:01.316946Z] sentaria: no scene post found in today's window
[2026-05-03T06:50:03.335698Z] jvalion: no scene post found in today's window
[2026-05-03T06:50:03.989753Z] arboriel: no scene post found in today's window
[2026-05-03T06:50:04.469969Z] humavita: no scene post found in today's window
[2026-05-03T06:50:04.923094Z] ferrosid: no scene post found in today's window
[2026-05-04T06:50:04.304044Z] aerunik: no scene post found in today's window
[2026-05-04T06:50:04.641660Z] sentaria: no scene post found in today's window
[2026-05-04T06:50:05.038888Z] jvalion: no scene post found in today's window
[2026-05-04T06:50:05.361262Z] arboriel: no scene post found in today's window
[2026-05-04T06:50:05.734056Z] humavita: no scene post found in today's window
[2026-05-04T06:50:06.132969Z] ferrosid: no scene post found in today's window
[2026-05-06T06:50:00.603240Z] aerunik: fetch failed: HTTP Error 401: Unauthorized
[2026-05-06T06:50:00.857655Z] sentaria: fetch failed: HTTP Error 401: Unauthorized
[2026-05-06T06:50:01.107079Z] jvalion: fetch failed: HTTP Error 401: Unauthorized
[2026-05-06T06:50:01.371680Z] arboriel: fetch failed: HTTP Error 401: Unauthorized
[2026-05-06T06:50:01.619139Z] humavita: fetch failed: HTTP Error 401: Unauthorized
[2026-05-06T06:50:01.895877Z] ferrosid: fetch failed: HTTP Error 401: Unauthorized
[2026-05-07T06:50:01.197415Z] aerunik: fetch failed: HTTP Error 401: Unauthorized
[2026-05-07T06:50:01.476743Z] sentaria: fetch failed: HTTP Error 401: Unauthorized
[2026-05-07T06:50:01.726801Z] jvalion: fetch failed: HTTP Error 401: Unauthorized
[2026-05-07T06:50:01.965031Z] arboriel: fetch failed: HTTP Error 401: Unauthorized
[2026-05-07T06:50:02.207047Z] humavita: fetch failed: HTTP Error 401: Unauthorized
[2026-05-07T06:50:02.434013Z] ferrosid: fetch failed: HTTP Error 401: Unauthorized
