[2026-04-29T18:00:03.456425Z] processing 2026-04-30-arboriel: daemon=arboriel daemon_day=2026-04-30 attempt=1
[2026-04-29T18:00:04.653459Z] 2026-04-30-arboriel: winner @bobrjay (1 votes): Mn
[2026-04-29T18:00:04.653743Z] 2026-04-30-arboriel: encoding winner via simlab (attempt 1)
[2026-04-29T18:10:04.666924Z] 2026-04-30-arboriel: encode failed: encoder timed out (>600s)
[2026-04-29T19:00:01.614655Z] processing 2026-04-30-arboriel: daemon=arboriel daemon_day=2026-04-30 attempt=2
[2026-04-29T19:00:02.136153Z] 2026-04-30-arboriel: winner @bobrjay (1 votes): Mn
[2026-04-29T19:00:02.136519Z] 2026-04-30-arboriel: encoding winner via simlab (attempt 2)
[2026-05-03T19:00:01.760267Z] processing 2026-05-04-aerunik: daemon=aerunik daemon_day=2026-05-04 attempt=1
[2026-05-03T19:00:02.132207Z] 2026-05-04-aerunik: no replies during voting window — falling back to no-replies close
[2026-05-05T15:00:00.689304Z] processing 2026-05-05-sentaria: daemon=sentaria daemon_day=2026-05-05 attempt=1
[2026-05-05T15:00:00.949932Z] 2026-05-05-sentaria: fetch replies failed: HTTP Error 401: Unauthorized
[2026-05-05T16:00:03.103533Z] processing 2026-05-05-sentaria: daemon=sentaria daemon_day=2026-05-05 attempt=1
[2026-05-05T16:00:03.341102Z] 2026-05-05-sentaria: fetch replies failed: HTTP Error 401: Unauthorized
[2026-05-05T17:00:04.119314Z] processing 2026-05-05-sentaria: daemon=sentaria daemon_day=2026-05-05 attempt=1
[2026-05-05T17:00:04.402633Z] 2026-05-05-sentaria: fetch replies failed: HTTP Error 401: Unauthorized
[2026-05-05T18:00:01.110138Z] processing 2026-05-05-sentaria: daemon=sentaria daemon_day=2026-05-05 attempt=1
[2026-05-05T18:00:01.341455Z] 2026-05-05-sentaria: fetch replies failed: HTTP Error 401: Unauthorized
[2026-05-05T19:00:04.489129Z] processing 2026-05-05-sentaria: daemon=sentaria daemon_day=2026-05-05 attempt=1
[2026-05-05T19:00:04.927338Z] 2026-05-05-sentaria: fetch replies failed: HTTP Error 401: Unauthorized
[2026-05-05T20:00:05.157680Z] processing 2026-05-05-sentaria: daemon=sentaria daemon_day=2026-05-05 attempt=1
[2026-05-05T20:00:05.387764Z] 2026-05-05-sentaria: fetch replies failed: HTTP Error 401: Unauthorized
[2026-05-05T21:00:01.231383Z] processing 2026-05-05-sentaria: daemon=sentaria daemon_day=2026-05-05 attempt=1
[2026-05-05T21:00:01.477329Z] 2026-05-05-sentaria: fetch replies failed: HTTP Error 401: Unauthorized
[2026-05-05T22:00:01.177864Z] processing 2026-05-05-sentaria: daemon=sentaria daemon_day=2026-05-05 attempt=1
[2026-05-05T22:00:01.403967Z] 2026-05-05-sentaria: fetch replies failed: HTTP Error 401: Unauthorized
[2026-05-05T23:00:04.279700Z] processing 2026-05-05-sentaria: daemon=sentaria daemon_day=2026-05-05 attempt=1
[2026-05-05T23:00:04.524555Z] 2026-05-05-sentaria: fetch replies failed: HTTP Error 401: Unauthorized
[2026-05-06T00:00:04.907273Z] processing 2026-05-05-sentaria: daemon=sentaria daemon_day=2026-05-05 attempt=1
[2026-05-06T00:00:05.312673Z] 2026-05-05-sentaria: fetch replies failed: HTTP Error 401: Unauthorized
[2026-05-06T01:00:01.209369Z] processing 2026-05-05-sentaria: daemon=sentaria daemon_day=2026-05-05 attempt=1
[2026-05-06T01:00:01.498020Z] 2026-05-05-sentaria: fetch replies failed: HTTP Error 401: Unauthorized
[2026-05-06T02:00:02.302040Z] processing 2026-05-05-sentaria: daemon=sentaria daemon_day=2026-05-05 attempt=1
[2026-05-06T02:00:02.607967Z] 2026-05-05-sentaria: fetch replies failed: HTTP Error 401: Unauthorized
[2026-05-06T03:00:01.249071Z] processing 2026-05-05-sentaria: daemon=sentaria daemon_day=2026-05-05 attempt=1
[2026-05-06T03:00:01.554536Z] 2026-05-05-sentaria: fetch replies failed: HTTP Error 401: Unauthorized
[2026-05-06T04:00:01.294272Z] processing 2026-05-05-sentaria: daemon=sentaria daemon_day=2026-05-05 attempt=1
[2026-05-06T04:00:01.623204Z] 2026-05-05-sentaria: fetch replies failed: HTTP Error 401: Unauthorized
[2026-05-06T05:00:02.346356Z] processing 2026-05-05-sentaria: daemon=sentaria daemon_day=2026-05-05 attempt=1
[2026-05-06T05:00:02.579768Z] 2026-05-05-sentaria: fetch replies failed: HTTP Error 401: Unauthorized
[2026-05-06T06:00:00.360798Z] processing 2026-05-05-sentaria: daemon=sentaria daemon_day=2026-05-05 attempt=1
[2026-05-06T06:00:00.600192Z] 2026-05-05-sentaria: fetch replies failed: HTTP Error 401: Unauthorized
[2026-05-06T07:00:00.944976Z] processing 2026-05-05-sentaria: daemon=sentaria daemon_day=2026-05-05 attempt=1
[2026-05-06T07:00:01.294032Z] 2026-05-05-sentaria: fetch replies failed: HTTP Error 401: Unauthorized
[2026-05-06T08:00:03.451380Z] processing 2026-05-05-sentaria: daemon=sentaria daemon_day=2026-05-05 attempt=1
[2026-05-06T08:00:03.798232Z] 2026-05-05-sentaria: fetch replies failed: HTTP Error 401: Unauthorized
[2026-05-06T09:00:02.249279Z] processing 2026-05-05-sentaria: daemon=sentaria daemon_day=2026-05-05 attempt=1
[2026-05-06T09:00:02.495136Z] 2026-05-05-sentaria: fetch replies failed: HTTP Error 401: Unauthorized
[2026-05-06T10:00:05.300160Z] processing 2026-05-05-sentaria: daemon=sentaria daemon_day=2026-05-05 attempt=1
[2026-05-06T10:00:05.511122Z] 2026-05-05-sentaria: fetch replies failed: HTTP Error 401: Unauthorized
[2026-05-06T11:00:00.542078Z] processing 2026-05-05-sentaria: daemon=sentaria daemon_day=2026-05-05 attempt=1
[2026-05-06T11:00:00.816640Z] 2026-05-05-sentaria: fetch replies failed: HTTP Error 401: Unauthorized
[2026-05-06T12:00:05.225213Z] processing 2026-05-05-sentaria: daemon=sentaria daemon_day=2026-05-05 attempt=1
[2026-05-06T12:00:05.628741Z] 2026-05-05-sentaria: fetch replies failed: HTTP Error 401: Unauthorized
[2026-05-06T13:00:02.838754Z] processing 2026-05-05-sentaria: daemon=sentaria daemon_day=2026-05-05 attempt=1
[2026-05-06T13:00:03.183446Z] 2026-05-05-sentaria: fetch replies failed: HTTP Error 401: Unauthorized
[2026-05-06T14:00:05.126001Z] processing 2026-05-05-sentaria: daemon=sentaria daemon_day=2026-05-05 attempt=1
[2026-05-06T14:00:05.538789Z] 2026-05-05-sentaria: fetch replies failed: HTTP Error 401: Unauthorized
[2026-05-06T15:00:00.947339Z] processing 2026-05-05-sentaria: daemon=sentaria daemon_day=2026-05-05 attempt=1
[2026-05-06T15:00:01.210383Z] 2026-05-05-sentaria: fetch replies failed: HTTP Error 401: Unauthorized
