Already up to date.
Already up to date.
Already up to date.
Already up to date.
Already up to date.
Already up to date.
From https://github.com/memeticcowboy/nema-swarm
   2ea569c..8683435  main       -> origin/main
Updating 2ea569c..8683435
Fast-forward
 .openclaw/workspace-state.json                     |    3 +-
 AGENTS.md                                          |   32 +-
 BOOTSTRAP.md                                       |   55 -
 Cowboy_Reflections/.enhanced_posts_checklist.txt   |    6 +
 Cowboy_Reflections/.reflected_posts_checklist.txt  |    3 +
 ...1-performance-dissonance-and-egregore-bundle.md |  138 +
 HEARTBEAT.md                                       |   69 +-
 MEMORY.md                                          |   22 +-
 Memetic_Ecology                                    |    2 +-
 .../Aerunik/.openclaw/workspace-state.json         |    3 +-
 SHELL_DAEMONS/Aerunik/BOOTSTRAP.md                 |   55 -
 SHELL_DAEMONS/Aerunik/IDENTITY.md                  |   35 +-
 SHELL_DAEMONS/Aerunik/USER.md                      |   36 +-
 SHELL_DAEMONS/Arboriel/BOOTSTRAP.md                |   55 -
 SHELL_DAEMONS/Arboriel/IDENTITY.md                 |   35 +-
 SHELL_DAEMONS/Arboriel/USER.md                     |   36 +-
 SHELL_DAEMONS/Ferrosid/BOOTSTRAP.md                |   55 -
 SHELL_DAEMONS/Ferrosid/IDENTITY.md                 |   35 +-
 SHELL_DAEMONS/Ferrosid/USER.md                     |   36 +-
 SHELL_DAEMONS/Humavita/BOOTSTRAP.md                |   55 -
 SHELL_DAEMONS/Humavita/IDENTITY.md                 |   35 +-
 SHELL_DAEMONS/Humavita/USER.md                     |   36 +-
 SHELL_DAEMONS/Jvalion/BOOTSTRAP.md                 |   55 -
 SHELL_DAEMONS/Jvalion/IDENTITY.md                  |   35 +-
 SHELL_DAEMONS/Jvalion/USER.md                      |   36 +-
 .../Sentaria/.openclaw/workspace-state.json        |    3 +-
 SHELL_DAEMONS/Sentaria/BOOTSTRAP.md                |   55 -
 SHELL_DAEMONS/Sentaria/IDENTITY.md                 |   35 +-
 SHELL_DAEMONS/Sentaria/USER.md                     |   36 +-
 SHELL_DAEMONS/Sentaria/memory/2026-04-28.md        |   57 +
 SHELL_DAEMONS/mc/.openclaw/workspace-state.json    |    5 +
 SHELL_DAEMONS/mc/AGENTS.md                         |  131 +
 SHELL_DAEMONS/mc/ECONOMY.md                        |   74 +
 SHELL_DAEMONS/mc/ENCODE_MODE.md                    |   76 +
 SHELL_DAEMONS/mc/HEARTBEAT.md                      |    7 +
 SHELL_DAEMONS/mc/IDENTITY.md                       |   13 +
 SHELL_DAEMONS/mc/KISHOTENKETSU_ARC.md              |  134 +
 SHELL_DAEMONS/mc/SOUL.md                           |   78 +
 SHELL_DAEMONS/mc/TOOLS.md                          |   40 +
 SHELL_DAEMONS/mc/USER.md                           |   17 +
 .../ai.nema.mc-agents-size-check.plist.template    |   69 +
 SHELL_DAEMONS/mc/bin/award-first-responses.py      |  191 +
 SHELL_DAEMONS/mc/bin/check-agents-size.py          |  214 +
 SHELL_DAEMONS/mc/bin/compile-newsletter.py         |  322 +
 SHELL_DAEMONS/mc/bin/encode-to-siml.py             |   33 +
 SHELL_DAEMONS/mc/bin/encode-winning-idea.py        |  292 +
 SHELL_DAEMONS/mc/bin/ledger.py                     |  300 +
 SHELL_DAEMONS/mc/bin/nema_swarm_git.py             |  292 +
 SHELL_DAEMONS/mc/bin/poll-encode-channel.py        |  344 +
 SHELL_DAEMONS/mc/bin/post-idea-cta.py              |  279 +
 .../mc/channel-logs/agents-size-check.log          |    3 +
 .../mc/channel-logs/agents-size-check.stderr.log   |    0
 .../mc/channel-logs/agents-size-check.stdout.log   |   36 +
 SHELL_DAEMONS/mc/channel-logs/mc-award-first.log   |   12 +
 .../mc/channel-logs/mc-award-responses.err.log     |    0
 .../mc/channel-logs/mc-award-responses.log         |   85 +
 .../mc/channel-logs/mc-encode-poll.err.log         |   14 +
 SHELL_DAEMONS/mc/channel-logs/mc-encode-poll.log   | 7257 ++++++++++++++++++++
 SHELL_DAEMONS/mc/channel-logs/mc-encode-winner.log |    7 +
 SHELL_DAEMONS/mc/channel-logs/mc-idea-cta.err.log  |    0
 SHELL_DAEMONS/mc/channel-logs/mc-idea-cta.log      |    1 +
 .../mc/channel-logs/mc-idea-encode-poll.err.log    |    1 +
 .../mc/channel-logs/mc-idea-encode-poll.log        |   98 +
 .../mc/channel-logs/mc-summons-poll.err.log        |   19 +
 SHELL_DAEMONS/mc/channel-logs/mc-summons-poll.log  |    0
 .../mc/channel-logs/nema-swarm-pull.err.log        |    0
 SHELL_DAEMONS/mc/channel-logs/nema-swarm-pull.log  |    6 +
 SHELL_DAEMONS/mc/elemental-channels.json           |   83 +
 SHELL_DAEMONS/mc/ledger/.ledger.lock               |    0
 SHELL_DAEMONS/mc/ledger/balances.json              |   22 +
 SHELL_DAEMONS/mc/ledger/encode-poll-state.json     |    5 +
 SHELL_DAEMONS/mc/ledger/encode-processed.jsonl     |    2 +
 SHELL_DAEMONS/mc/ledger/idea-cta-state.json        |   30 +
 SHELL_DAEMONS/mc/ledger/nema-swarm-git.lock        |    0
 SHELL_DAEMONS/mc/scene-staging-meta-prompt.md      |  111 +
 SHELL_DAEMONS/mc/system_prompt.md                  |  100 +
 SHELL_DAEMONS/registry.md                          |   61 +-
 SIML/terms/C189_Ineffable_Intelligence/insight.md  |  144 +
 SIML/terms/C189_Ineffable_Intelligence/nemetic.phi |   21 +
 SIML/terms/C189_Ineffable_Intelligence/term.yaml   |  115 +
 SIML/terms/C207_Ineffable_Intelligence/insight.md  |   72 +
 SIML/terms/C207_Ineffable_Intelligence/nemetic.phi |   16 +
 SIML/terms/C207_Ineffable_Intelligence/term.yaml   |  130 +
 ...6-elemental-transformation-paradox-soil-fire.md |  582 ++
 memory/.dreams/events.jsonl                        |    1 +
 memory/.dreams/short-term-recall.json              |  254 +
 memory/2026-04-28.md                               |   72 +
 memory/2026-04-29.md                               |   57 +
 memory/heartbeat-state.json                        |   12 +-
 89 files changed, 12894 insertions(+), 595 deletions(-)
 delete mode 100644 BOOTSTRAP.md
 create mode 100644 Cowboy_Reflections/2026-04-30-cowboy-reflections-031-performance-dissonance-and-egregore-bundle.md
 delete mode 100644 SHELL_DAEMONS/Aerunik/BOOTSTRAP.md
 delete mode 100644 SHELL_DAEMONS/Arboriel/BOOTSTRAP.md
 delete mode 100644 SHELL_DAEMONS/Ferrosid/BOOTSTRAP.md
 delete mode 100644 SHELL_DAEMONS/Humavita/BOOTSTRAP.md
 delete mode 100644 SHELL_DAEMONS/Jvalion/BOOTSTRAP.md
 delete mode 100644 SHELL_DAEMONS/Sentaria/BOOTSTRAP.md
 create mode 100644 SHELL_DAEMONS/Sentaria/memory/2026-04-28.md
 create mode 100644 SHELL_DAEMONS/mc/.openclaw/workspace-state.json
 create mode 100644 SHELL_DAEMONS/mc/AGENTS.md
 create mode 100644 SHELL_DAEMONS/mc/ECONOMY.md
 create mode 100644 SHELL_DAEMONS/mc/ENCODE_MODE.md
 create mode 100644 SHELL_DAEMONS/mc/HEARTBEAT.md
 create mode 100644 SHELL_DAEMONS/mc/IDENTITY.md
 create mode 100644 SHELL_DAEMONS/mc/KISHOTENKETSU_ARC.md
 create mode 100644 SHELL_DAEMONS/mc/SOUL.md
 create mode 100644 SHELL_DAEMONS/mc/TOOLS.md
 create mode 100644 SHELL_DAEMONS/mc/USER.md
 create mode 100644 SHELL_DAEMONS/mc/bin/ai.nema.mc-agents-size-check.plist.template
 create mode 100755 SHELL_DAEMONS/mc/bin/award-first-responses.py
 create mode 100755 SHELL_DAEMONS/mc/bin/check-agents-size.py
 create mode 100755 SHELL_DAEMONS/mc/bin/compile-newsletter.py
 create mode 100644 SHELL_DAEMONS/mc/bin/encode-to-siml.py
 create mode 100644 SHELL_DAEMONS/mc/bin/encode-winning-idea.py
 create mode 100644 SHELL_DAEMONS/mc/bin/ledger.py
 create mode 100644 SHELL_DAEMONS/mc/bin/nema_swarm_git.py
 create mode 100755 SHELL_DAEMONS/mc/bin/poll-encode-channel.py
 create mode 100644 SHELL_DAEMONS/mc/bin/post-idea-cta.py
 create mode 100644 SHELL_DAEMONS/mc/channel-logs/agents-size-check.log
 create mode 100644 SHELL_DAEMONS/mc/channel-logs/agents-size-check.stderr.log
 create mode 100644 SHELL_DAEMONS/mc/channel-logs/agents-size-check.stdout.log
 create mode 100644 SHELL_DAEMONS/mc/channel-logs/mc-award-first.log
 create mode 100644 SHELL_DAEMONS/mc/channel-logs/mc-award-responses.err.log
 create mode 100644 SHELL_DAEMONS/mc/channel-logs/mc-award-responses.log
 create mode 100644 SHELL_DAEMONS/mc/channel-logs/mc-encode-poll.err.log
 create mode 100644 SHELL_DAEMONS/mc/channel-logs/mc-encode-poll.log
 create mode 100644 SHELL_DAEMONS/mc/channel-logs/mc-encode-winner.log
 create mode 100644 SHELL_DAEMONS/mc/channel-logs/mc-idea-cta.err.log
 create mode 100644 SHELL_DAEMONS/mc/channel-logs/mc-idea-cta.log
 create mode 100644 SHELL_DAEMONS/mc/channel-logs/mc-idea-encode-poll.err.log
 create mode 100644 SHELL_DAEMONS/mc/channel-logs/mc-idea-encode-poll.log
 create mode 100644 SHELL_DAEMONS/mc/channel-logs/mc-summons-poll.err.log
 create mode 100644 SHELL_DAEMONS/mc/channel-logs/mc-summons-poll.log
 create mode 100644 SHELL_DAEMONS/mc/channel-logs/nema-swarm-pull.err.log
 create mode 100644 SHELL_DAEMONS/mc/channel-logs/nema-swarm-pull.log
 create mode 100644 SHELL_DAEMONS/mc/elemental-channels.json
 create mode 100644 SHELL_DAEMONS/mc/ledger/.ledger.lock
 create mode 100644 SHELL_DAEMONS/mc/ledger/balances.json
 create mode 100644 SHELL_DAEMONS/mc/ledger/encode-poll-state.json
 create mode 100644 SHELL_DAEMONS/mc/ledger/encode-processed.jsonl
 create mode 100644 SHELL_DAEMONS/mc/ledger/idea-cta-state.json
 create mode 100644 SHELL_DAEMONS/mc/ledger/nema-swarm-git.lock
 create mode 100644 SHELL_DAEMONS/mc/scene-staging-meta-prompt.md
 create mode 100644 SHELL_DAEMONS/mc/system_prompt.md
 create mode 100644 SIML/terms/C189_Ineffable_Intelligence/insight.md
 create mode 100644 SIML/terms/C189_Ineffable_Intelligence/nemetic.phi
 create mode 100644 SIML/terms/C189_Ineffable_Intelligence/term.yaml
 create mode 100644 SIML/terms/C207_Ineffable_Intelligence/insight.md
 create mode 100644 SIML/terms/C207_Ineffable_Intelligence/nemetic.phi
 create mode 100644 SIML/terms/C207_Ineffable_Intelligence/term.yaml
 create mode 100644 docs/blog/posts/2026-04-26-elemental-transformation-paradox-soil-fire.md
 create mode 100644 memory/.dreams/events.jsonl
 create mode 100644 memory/.dreams/short-term-recall.json
 create mode 100644 memory/2026-04-28.md
 create mode 100644 memory/2026-04-29.md
There is no tracking information for the current branch.
Please specify which branch you want to rebase against.
See git-pull(1) for details.

    git pull <remote> <branch>

If you wish to set tracking information for this branch you can do so with:

    git branch --set-upstream-to=origin/<branch> compost/2026-04-30

There is no tracking information for the current branch.
Please specify which branch you want to rebase against.
See git-pull(1) for details.

    git pull <remote> <branch>

If you wish to set tracking information for this branch you can do so with:

    git branch --set-upstream-to=origin/<branch> compost/2026-04-30

From https://github.com/memeticcowboy/nema-swarm
   8683435..d87cef1  main       -> origin/main
Already up to date.
Already up to date.
Already up to date.
From https://github.com/memeticcowboy/nema-swarm
   3377e36..e41139c  main       -> origin/main
Already up to date.
From https://github.com/memeticcowboy/nema-swarm
   6bc6fad..16f84dc  main       -> origin/main
Already up to date.
Already up to date.
Already up to date.
Already up to date.
Already up to date.
Updating 2baf1da..c9f1b28
Fast-forward
 Cowboy_Reflections/.enhanced_posts_checklist.txt   |   3 +
 Cowboy_Reflections/.reflected_posts_checklist.txt  |   3 +
 ...36-seance-simulacra-and-the-life-game-bundle.md | 142 ++++++++
 SHELL_DAEMONS/mc/channel-logs/mc-encode-poll.log   |  14 +
 SHELL_DAEMONS/mc/channel-logs/mc-encode-winner.log |   2 +
 .../mc/channel-logs/mc-idea-encode-poll.log        |  10 +
 ...formance-dissonance-egregore-memetic-mirrors.md | 358 +++++++++++++++++++++
 7 files changed, 532 insertions(+)
 create mode 100644 Cowboy_Reflections/2026-05-05-cowboy-reflections-036-seance-simulacra-and-the-life-game-bundle.md
 create mode 100644 docs/blog/posts/2026-04-30-performance-dissonance-egregore-memetic-mirrors.md
Already up to date.
Already up to date.
Updating c9f1b28..5874b87
Fast-forward
 Cowboy_Reflections/.enhanced_posts_checklist.txt   |    3 +
 Cowboy_Reflections/.reflected_posts_checklist.txt  |    3 +
 ...037-hell-multiverses-and-obsolescence-bundle.md |  139 ++
 HEARTBEAT.md                                       |  225 ++-
 MEMORY.md                                          |   28 +
 SHELL_DAEMONS/Aerunik/LEDGER.md                    |    1 +
 SHELL_DAEMONS/Aerunik/OPEN_TICKETS.md              |    1 +
 SHELL_DAEMONS/Aerunik/PROTOCOL.md                  |    1 +
 SHELL_DAEMONS/Aerunik/inbox/.gitkeep               |    0
 SHELL_DAEMONS/Aerunik/memory/2026-05-05.md         |   11 +
 .../Arboriel/.openclaw/workspace-state.json        |    3 +-
 SHELL_DAEMONS/Arboriel/LEDGER.md                   |    1 +
 SHELL_DAEMONS/Arboriel/OPEN_TICKETS.md             |    1 +
 SHELL_DAEMONS/Arboriel/PROTOCOL.md                 |    1 +
 SHELL_DAEMONS/Arboriel/inbox/.gitkeep              |    0
 .../Ferrosid/.openclaw/workspace-state.json        |    3 +-
 SHELL_DAEMONS/Ferrosid/LEDGER.md                   |    1 +
 SHELL_DAEMONS/Ferrosid/OPEN_TICKETS.md             |    1 +
 SHELL_DAEMONS/Ferrosid/PROTOCOL.md                 |    1 +
 SHELL_DAEMONS/Ferrosid/inbox/.gitkeep              |    0
 .../Humavita/.openclaw/workspace-state.json        |    3 +-
 SHELL_DAEMONS/Humavita/LEDGER.md                   |    1 +
 SHELL_DAEMONS/Humavita/OPEN_TICKETS.md             |    1 +
 SHELL_DAEMONS/Humavita/PROTOCOL.md                 |    1 +
 SHELL_DAEMONS/Humavita/inbox/.gitkeep              |    0
 SHELL_DAEMONS/Jvalion/LEDGER.md                    |    1 +
 SHELL_DAEMONS/Jvalion/OPEN_TICKETS.md              |    1 +
 SHELL_DAEMONS/Jvalion/PROTOCOL.md                  |    1 +
 SHELL_DAEMONS/Jvalion/inbox/.gitkeep               |    0
 SHELL_DAEMONS/Sentaria/LEDGER.md                   |    1 +
 SHELL_DAEMONS/Sentaria/OPEN_TICKETS.md             |    1 +
 SHELL_DAEMONS/Sentaria/PROTOCOL.md                 |    1 +
 SHELL_DAEMONS/Sentaria/inbox/.gitkeep              |    0
 .../inbox/2026-05-06-tuesday-scene-narrated.md     |   78 ++
 .../inbox/2026-05-06-tuesday-scene-narrated.mp3    |    3 +
 .../Sentaria/inbox/2026-05-06-tuesday-scene.md     |  138 ++
 .../mc/channel-logs/agents-size-check.log          |    1 +
 .../mc/channel-logs/agents-size-check.stdout.log   |   21 +
 SHELL_DAEMONS/mc/channel-logs/mc-award-first.log   |    6 +
 .../mc/channel-logs/mc-award-responses.log         |   36 +
 SHELL_DAEMONS/mc/channel-logs/mc-encode-poll.log   | 1434 ++++++++++++++++++++
 SHELL_DAEMONS/mc/channel-logs/mc-encode-winner.log |   48 +
 SHELL_DAEMONS/mc/channel-logs/mc-idea-cta.log      |    1 +
 .../mc/channel-logs/mc-idea-encode-poll.log        |  240 ++++
 SHELL_DAEMONS/mc/channel-logs/nema-swarm-pull.log  |   14 +
 ...cotts-obsolescence-theater-cultural-friction.md |  366 +++++
 memory/.dreams/events.jsonl                        |    1 +
 memory/.dreams/short-term-recall.json              |   26 +-
 memory/heartbeat-state.json                        |   18 +-
 49 files changed, 2839 insertions(+), 28 deletions(-)
 create mode 100644 Cowboy_Reflections/2026-05-06-cowboy-reflections-037-hell-multiverses-and-obsolescence-bundle.md
 create mode 120000 SHELL_DAEMONS/Aerunik/LEDGER.md
 create mode 120000 SHELL_DAEMONS/Aerunik/OPEN_TICKETS.md
 create mode 120000 SHELL_DAEMONS/Aerunik/PROTOCOL.md
 create mode 100644 SHELL_DAEMONS/Aerunik/inbox/.gitkeep
 create mode 100644 SHELL_DAEMONS/Aerunik/memory/2026-05-05.md
 create mode 120000 SHELL_DAEMONS/Arboriel/LEDGER.md
 create mode 120000 SHELL_DAEMONS/Arboriel/OPEN_TICKETS.md
 create mode 120000 SHELL_DAEMONS/Arboriel/PROTOCOL.md
 create mode 100644 SHELL_DAEMONS/Arboriel/inbox/.gitkeep
 create mode 120000 SHELL_DAEMONS/Ferrosid/LEDGER.md
 create mode 120000 SHELL_DAEMONS/Ferrosid/OPEN_TICKETS.md
 create mode 120000 SHELL_DAEMONS/Ferrosid/PROTOCOL.md
 create mode 100644 SHELL_DAEMONS/Ferrosid/inbox/.gitkeep
 create mode 120000 SHELL_DAEMONS/Humavita/LEDGER.md
 create mode 120000 SHELL_DAEMONS/Humavita/OPEN_TICKETS.md
 create mode 120000 SHELL_DAEMONS/Humavita/PROTOCOL.md
 create mode 100644 SHELL_DAEMONS/Humavita/inbox/.gitkeep
 create mode 120000 SHELL_DAEMONS/Jvalion/LEDGER.md
 create mode 120000 SHELL_DAEMONS/Jvalion/OPEN_TICKETS.md
 create mode 120000 SHELL_DAEMONS/Jvalion/PROTOCOL.md
 create mode 100644 SHELL_DAEMONS/Jvalion/inbox/.gitkeep
 create mode 120000 SHELL_DAEMONS/Sentaria/LEDGER.md
 create mode 120000 SHELL_DAEMONS/Sentaria/OPEN_TICKETS.md
 create mode 120000 SHELL_DAEMONS/Sentaria/PROTOCOL.md
 create mode 100644 SHELL_DAEMONS/Sentaria/inbox/.gitkeep
 create mode 100644 SHELL_DAEMONS/Sentaria/inbox/2026-05-06-tuesday-scene-narrated.md
 create mode 100644 SHELL_DAEMONS/Sentaria/inbox/2026-05-06-tuesday-scene-narrated.mp3
 create mode 100644 SHELL_DAEMONS/Sentaria/inbox/2026-05-06-tuesday-scene.md
 create mode 100644 docs/blog/posts/2026-05-01-triality-boycotts-obsolescence-theater-cultural-friction.md
Already up to date.
Already up to date.
